Build started 2/23/2017 9:15:34 PM.
     1>Project "A:\Program Files (x86)\Dropbox\Dropbox\GGP\DX11Starter\DX11Starter.vcxproj" on node 2 (Build target(s)).
     1>ClCompile:
         C:\Program Files (x86)\Microsoft Visual Studio 14.0\VC\bin\CL.exe /c /ZI /nologo /W3 /WX- /sdl- /Od /Oy- /D _MBCS /Gm /EHsc /RTC1 /MDd /GS /fp:precise /Zc:wchar_t /Zc:forScope /Zc:inline /Fo"Debug\\" /Fd"Debug\vc140.pdb" /Gd /TP /analyze- /errorReport:prompt Game.cpp
         Game.cpp
     1>a:\program files (x86)\dropbox\dropbox\ggp\dx11starter\game.cpp(87): warning C4305: 'argument': truncation from 'double' to 'float'
     1>a:\program files (x86)\dropbox\dropbox\ggp\dx11starter\game.cpp(91): warning C4305: 'argument': truncation from 'double' to 'float'
     1>a:\program files (x86)\dropbox\dropbox\ggp\dx11starter\game.cpp(170): warning C4244: 'argument': conversion from 'unsigned int' to 'float', possible loss of data
     1>a:\program files (x86)\dropbox\dropbox\ggp\dx11starter\game.cpp(352): warning C4244: 'argument': conversion from 'unsigned int' to 'float', possible loss of data
     1>a:\program files (x86)\dropbox\dropbox\ggp\dx11starter\game.cpp(392): warning C4018: '<': signed/unsigned mismatch
     1>a:\program files (x86)\dropbox\dropbox\ggp\dx11starter\game.cpp(437): warning C4018: '<': signed/unsigned mismatch
     1>a:\program files (x86)\dropbox\dropbox\ggp\dx11starter\game.cpp(520): warning C4244: 'argument': conversion from 'int' to 'float', possible loss of data
       Link:
         C:\Program Files (x86)\Microsoft Visual Studio 14.0\VC\bin\link.exe /ERRORREPORT:PROMPT /OUT:"A:\Program Files (x86)\Dropbox\Dropbox\GGP\DX11Starter\Debug\DX11Starter.exe" /INCREMENTAL /NOLOGO kernel32.lib user32.lib gdi32.lib winspool.lib comdlg32.lib advapi32.lib shell32.lib ole32.lib oleaut32.lib uuid.lib odbc32.lib odbccp32.lib /MANIFEST /MANIFESTUAC:"level='asInvoker' uiAccess='false'" /manifest:embed /Debug /PDB:"A:\Program Files (x86)\Dropbox\Dropbox\GGP\DX11Starter\Debug\DX11Starter.pdb" /TLBID:1 /DYNAMICBASE /NXCOMPAT /IMPLIB:"A:\Program Files (x86)\Dropbox\Dropbox\GGP\DX11Starter\Debug\DX11Starter.lib" /MACHINE:X86 Debug\Camera.obj
         Debug\DXCore.obj
         Debug\Game.obj
         Debug\GameEntity.obj
         Debug\Main.obj
         Debug\Material.obj
         Debug\Mesh.obj
         Debug\SimpleShader.obj
         DX11Starter.vcxproj -> A:\Program Files (x86)\Dropbox\Dropbox\GGP\DX11Starter\Debug\DX11Starter.exe
     1>Done Building Project "A:\Program Files (x86)\Dropbox\Dropbox\GGP\DX11Starter\DX11Starter.vcxproj" (Build target(s)).

Build succeeded.

Time Elapsed 00:00:01.11
